{"/Users/jessliong/Documents/GitHub/feb23-t3w2-jest/src/diceRolling.js": {"path":"/Users/jessliong/Documents/GitHub/feb23-t3w2-jest/src/diceRolling.js","statementMap":{"0":{"start":{"line":8,"column":20},"end":{"line":8,"column":60}},"1":{"start":{"line":10,"column":4},"end":{"line":10,"column":21}},"2":{"start":{"line":14,"column":15},"end":{"line":17,"column":3}},"3":{"start":{"line":19,"column":2},"end":{"line":22,"column":4}},"4":{"start":{"line":28,"column":2},"end":{"line":28,"column":49}},"5":{"start":{"line":30,"column":2},"end":{"line":30,"column":21}},"6":{"start":{"line":34,"column":15},"end":{"line":37,"column":3}},"7":{"start":{"line":39,"column":2},"end":{"line":42,"column":4}},"8":{"start":{"line":48,"column":2},"end":{"line":48,"column":49}},"9":{"start":{"line":53,"column":2},"end":{"line":53,"column":49}},"10":{"start":{"line":55,"column":1},"end":{"line":55,"column":20}},"11":{"start":{"line":58,"column":0},"end":{"line":62,"column":1}}},"fnMap":{"0":{"name":"rollDice","decl":{"start":{"line":3,"column":9},"end":{"line":3,"column":17}},"loc":{"start":{"line":3,"column":31},"end":{"line":11,"column":3}},"line":3},"1":{"name":"rollDiceWithDisadvantage","decl":{"start":{"line":13,"column":9},"end":{"line":13,"column":33}},"loc":{"start":{"line":13,"column":47},"end":{"line":31,"column":1}},"line":13},"2":{"name":"rollDiceWithAdvantage","decl":{"start":{"line":33,"column":9},"end":{"line":33,"column":30}},"loc":{"start":{"line":33,"column":44},"end":{"line":56,"column":1}},"line":33}},"branchMap":{"0":{"loc":{"start":{"line":3,"column":18},"end":{"line":3,"column":30}},"type":"default-arg","locations":[{"start":{"line":3,"column":29},"end":{"line":3,"column":30}}],"line":3},"1":{"loc":{"start":{"line":13,"column":34},"end":{"line":13,"column":46}},"type":"default-arg","locations":[{"start":{"line":13,"column":45},"end":{"line":13,"column":46}}],"line":13},"2":{"loc":{"start":{"line":33,"column":31},"end":{"line":33,"column":43}},"type":"default-arg","locations":[{"start":{"line":33,"column":42},"end":{"line":33,"column":43}}],"line":33}},"s":{"0":112,"1":112,"2":2,"3":2,"4":2,"5":2,"6":0,"7":0,"8":0,"9":0,"10":0,"11":1},"f":{"0":112,"1":2,"2":0},"b":{"0":[1],"1":[0],"2":[0]},"_coverageSchema":"1a1c01bbd47fc00a2c39e90264f33305004495a9","hash":"aa4e07b17481607e3069cfc496968dd8ca9eb650"}
}
